<?xml version="1.0" encoding="UTF-8"?>
<!-- Generated by org.testng.reporters.JUnitReportReporter -->
<testsuite hostname="LTIN509268" failures="0" tests="2" name="testRunnerTownScript.TestRunnerTownScript" time="244.012" errors="0" timestamp="2024-04-17T15:36:30 IST" skipped="0">
  <testcase classname="testRunnerTownScript.TestRunnerTownScript" name="runScenario" time="181.816"/>
  <system-out/>
  <testcase classname="testRunnerTownScript.TestRunnerTownScript" name="runScenario" time="62.196"/>
  <system-out/>
</testsuite> <!-- testRunnerTownScript.TestRunnerTownScript -->
