<?xml version="1.0" encoding="UTF-8"?>
<!-- Generated by org.testng.reporters.JUnitReportReporter -->
<testsuite hostname="LTIN509268" failures="0" tests="2" name="testRunnerTownScript.TestRunnerTownScript" time="221.163" errors="0" timestamp="2024-04-19T15:59:39 IST" skipped="0">
  <testcase classname="testRunnerTownScript.TestRunnerTownScript" name="runScenario" time="190.657"/>
  <system-out/>
  <testcase classname="testRunnerTownScript.TestRunnerTownScript" name="runScenario" time="30.506"/>
  <system-out/>
</testsuite> <!-- testRunnerTownScript.TestRunnerTownScript -->
